> @promina-drnis-app/backend@1.0.0 build
> tsc -b

src/controllers/activity.controller.ts:4:37 - error TS6305: Output file 'C:/sinkronizacija/promina-drnis-app/frontend/shared/dist/activity.d.ts' has not been built from source file 'C:/sinkronizacija/promina-drnis-app/frontend/shared/types/activity.ts'.     

4 import { ActivityCreateInput } from '@shared/activity';
                                      ~~~~~~~~~~~~~~~~~~

src/controllers/auth.controller.ts:6:41 - error TS6305: Output file 'C:/sinkronizacija/promina-drnis-app/frontend/shared/dist/member.d.ts' has not been built from source file 'C:/sinkronizacija/promina-drnis-app/frontend/shared/types/member.ts'.

6 import { Member, MemberLoginData } from "@shared/member.js";
                                          ~~~~~~~~~~~~~~~~~~~

src/controllers/member.controller.ts:13:34 - error TS6305: Output file 'C:/sinkronizacija/promina-drnis-app/frontend/shared/dist/membership.d.ts' has not been built from source file 'C:/sinkronizacija/promina-drnis-app/frontend/shared/types/membership.ts'.  

13 import { MembershipPeriod } from '@shared/membership.js';
                                    ~~~~~~~~~~~~~~~~~~~~~~~

src/repositories/activity.repository.ts:4:24 - error TS6305: Output file 'C:/sinkronizacija/promina-drnis-app/frontend/shared/dist/member.d.ts' has not been built from source file 'C:/sinkronizacija/promina-drnis-app/frontend/shared/types/member.ts'.        

4 import { Member } from '@shared/member.js';
                         ~~~~~~~~~~~~~~~~~~~

src/repositories/activity.repository.ts:5:37 - error TS6305: Output file 'C:/sinkronizacija/promina-drnis-app/frontend/shared/dist/activity.d.ts' has not been built from source file 'C:/sinkronizacija/promina-drnis-app/frontend/shared/types/activity.ts'.    

5 import { ActivityParticipant } from '@shared/activity';
                                      ~~~~~~~~~~~~~~~~~~

src/repositories/auth.repository.ts:2:44 - error TS6305: Output file 'C:/sinkronizacija/promina-drnis-app/frontend/shared/dist/member.d.ts' has not been built from source file 'C:/sinkronizacija/promina-drnis-app/frontend/shared/types/member.ts'.

2 import { Member, MemberSearchResult } from '@shared/member.js';
                                             ~~~~~~~~~~~~~~~~~~~

src/repositories/member.repository.ts:4:44 - error TS6305: Output file 'C:/sinkronizacija/promina-drnis-app/frontend/shared/dist/member.d.ts' has not been built from source file 'C:/sinkronizacija/promina-drnis-app/frontend/shared/types/member.ts'.

4 import { Member, MemberRole, Gender } from '@shared/member.js';
                                             ~~~~~~~~~~~~~~~~~~~

src/repositories/membership.repository.ts:3:74 - error TS6305: Output file 'C:/sinkronizacija/promina-drnis-app/frontend/shared/dist/membership.d.ts' has not been built from source file 'C:/sinkronizacija/promina-drnis-app/frontend/shared/types/membership.ts'.

3 import { MembershipDetails, MembershipPeriod, MembershipEndReason } from '@shared/membership';
                                                                           ~~~~~~~~~~~~~~~~~~~~

src/services/activity.service.ts:10:8 - error TS6305: Output file 'C:/sinkronizacija/promina-drnis-app/frontend/shared/dist/activity.d.ts' has not been built from source file 'C:/sinkronizacija/promina-drnis-app/frontend/shared/types/activity.ts'.

10 } from '../../../frontend/shared/types/activity';
          ~~~~~~~~~~~~~~~~~~~~~~~~~~~~~~~~~~~~~~~~~

src/services/auth.service.ts:2:24 - error TS6305: Output file 'C:/sinkronizacija/promina-drnis-app/frontend/shared/dist/member.d.ts' has not been built from source file 'C:/sinkronizacija/promina-drnis-app/frontend/shared/types/member.ts'.

2 import { Member } from '@shared/member.js';
                         ~~~~~~~~~~~~~~~~~~~

src/services/member.service.ts:5:24 - error TS6305: Output file 'C:/sinkronizacija/promina-drnis-app/frontend/shared/dist/member.d.ts' has not been built from source file 'C:/sinkronizacija/promina-drnis-app/frontend/shared/types/member.ts'.

5 import { Member } from '@shared/member';
                         ~~~~~~~~~~~~~~~~

src/services/membership.service.ts:8:8 - error TS6305: Output file 'C:/sinkronizacija/promina-drnis-app/frontend/shared/dist/membership.d.ts' has not been built from source file 'C:/sinkronizacija/promina-drnis-app/frontend/shared/types/membership.ts'.      

8 } from "@shared/membership";
         ~~~~~~~~~~~~~~~~~~~~

src/services/membership.service.ts:9:24 - error TS6305: Output file 'C:/sinkronizacija/promina-drnis-app/frontend/shared/dist/member.d.ts' has not been built from source file 'C:/sinkronizacija/promina-drnis-app/frontend/shared/types/member.ts'.

9 import { Member } from "@shared/member";
                         ~~~~~~~~~~~~~~~~

src/types/database.ts:2:28 - error TS6305: Output file 'C:/sinkronizacija/promina-drnis-app/frontend/shared/dist/member.d.ts' has not been built from source file 'C:/sinkronizacija/promina-drnis-app/frontend/shared/types/member.ts'.

2 import { MemberRole } from '@shared/member';
                             ~~~~~~~~~~~~~~~~


Found 14 errors.

npm error Lifecycle script `build` failed with error:
npm error code 1
npm error path C:\sinkronizacija\promina-drnis-app\backend
npm error workspace @promina-drnis-app/backend@1.0.0
npm error location C:\sinkronizacija\promina-drnis-app\backend
npm error command failed
npm error command C:\WINDOWS\system32\cmd.exe /d /s /c tsc -b